Build started 2015-03-01 18:34:24.
     1>Project "D:\C++\Projekty\Visual Studio 2013\ShutdownTimeVS\ShutdownTimeVS.vcxproj" on node 2 (Build target(s)).
     1>ClCompile:
         C:\Program Files (x86)\Microsoft Visual Studio 12.0\VC\bin\CL.exe /c /I"D:\C++\Narzędzia\SFML\SFML VS13\include" /ZI /nologo /W3 /WX- /sdl /Od /Oy- /D SFML_STATIC /D _MBCS /Gm /EHsc /RTC1 /MDd /GS /fp:precise /Zc:wchar_t /Zc:forScope /Fo"Debug\\" /Fd"Debug\vc120.pdb" /Gd /TP /analyze- /errorReport:prompt Source.cpp
         Source.cpp
       Link:
         C:\Program Files (x86)\Microsoft Visual Studio 12.0\VC\bin\link.exe /ERRORREPORT:PROMPT /OUT:"D:\C++\Projekty\Visual Studio 2013\ShutdownTimeVS\Debug\ShutdownTimeVS.exe" /INCREMENTAL /NOLOGO /LIBPATH:"D:\C++\Narzędzia\SFML\SFML VS13\lib" "sfml-graphics-s-d.lib" "sfml-window-s-d.lib" "sfml-system-s-d.lib" glew.lib freetype.lib jpeg.lib opengl32.lib gdi32.lib winmm.lib kernel32.lib user32.lib gdi32.lib winspool.lib comdlg32.lib advapi32.lib shell32.lib ole32.lib oleaut32.lib uuid.lib odbc32.lib odbccp32.lib /MANIFEST /MANIFESTUAC:"level='asInvoker' uiAccess='false'" /manifest:embed /DEBUG /PDB:"D:\C++\Projekty\Visual Studio 2013\ShutdownTimeVS\Debug\ShutdownTimeVS.pdb" /TLBID:1 /DYNAMICBASE /NXCOMPAT /IMPLIB:"D:\C++\Projekty\Visual Studio 2013\ShutdownTimeVS\Debug\ShutdownTimeVS.lib" /MACHINE:X86 Debug\Source.obj
     1>sfml-graphics-s-d.lib(BlendMode.cpp.obj) : warning LNK4204: 'D:\C++\Projekty\Visual Studio 2013\ShutdownTimeVS\Debug\vc120.pdb' is missing debugging information for referencing module; linking object as if no debug info
     1>sfml-graphics-s-d.lib(Color.cpp.obj) : warning LNK4204: 'D:\C++\Projekty\Visual Studio 2013\ShutdownTimeVS\Debug\vc120.pdb' is missing debugging information for referencing module; linking object as if no debug info
     1>sfml-graphics-s-d.lib(Font.cpp.obj) : warning LNK4204: 'D:\C++\Projekty\Visual Studio 2013\ShutdownTimeVS\Debug\vc120.pdb' is missing debugging information for referencing module; linking object as if no debug info
     1>sfml-graphics-s-d.lib(GLCheck.cpp.obj) : warning LNK4204: 'D:\C++\Projekty\Visual Studio 2013\ShutdownTimeVS\Debug\vc120.pdb' is missing debugging information for referencing module; linking object as if no debug info
     1>sfml-graphics-s-d.lib(GLExtensions.cpp.obj) : warning LNK4204: 'D:\C++\Projekty\Visual Studio 2013\ShutdownTimeVS\Debug\vc120.pdb' is missing debugging information for referencing module; linking object as if no debug info
     1>sfml-graphics-s-d.lib(Image.cpp.obj) : warning LNK4204: 'D:\C++\Projekty\Visual Studio 2013\ShutdownTimeVS\Debug\vc120.pdb' is missing debugging information for referencing module; linking object as if no debug info
     1>sfml-graphics-s-d.lib(ImageLoader.cpp.obj) : warning LNK4204: 'D:\C++\Projekty\Visual Studio 2013\ShutdownTimeVS\Debug\vc120.pdb' is missing debugging information for referencing module; linking object as if no debug info
     1>sfml-graphics-s-d.lib(RenderStates.cpp.obj) : warning LNK4204: 'D:\C++\Projekty\Visual Studio 2013\ShutdownTimeVS\Debug\vc120.pdb' is missing debugging information for referencing module; linking object as if no debug info
     1>sfml-graphics-s-d.lib(RenderTarget.cpp.obj) : warning LNK4204: 'D:\C++\Projekty\Visual Studio 2013\ShutdownTimeVS\Debug\vc120.pdb' is missing debugging information for referencing module; linking object as if no debug info
     1>sfml-graphics-s-d.lib(RenderWindow.cpp.obj) : warning LNK4204: 'D:\C++\Projekty\Visual Studio 2013\ShutdownTimeVS\Debug\vc120.pdb' is missing debugging information for referencing module; linking object as if no debug info
     1>sfml-graphics-s-d.lib(Shader.cpp.obj) : warning LNK4204: 'D:\C++\Projekty\Visual Studio 2013\ShutdownTimeVS\Debug\vc120.pdb' is missing debugging information for referencing module; linking object as if no debug info
     1>sfml-graphics-s-d.lib(Texture.cpp.obj) : warning LNK4204: 'D:\C++\Projekty\Visual Studio 2013\ShutdownTimeVS\Debug\vc120.pdb' is missing debugging information for referencing module; linking object as if no debug info
     1>sfml-graphics-s-d.lib(TextureSaver.cpp.obj) : warning LNK4204: 'D:\C++\Projekty\Visual Studio 2013\ShutdownTimeVS\Debug\vc120.pdb' is missing debugging information for referencing module; linking object as if no debug info
     1>sfml-graphics-s-d.lib(Transform.cpp.obj) : warning LNK4204: 'D:\C++\Projekty\Visual Studio 2013\ShutdownTimeVS\Debug\vc120.pdb' is missing debugging information for referencing module; linking object as if no debug info
     1>sfml-graphics-s-d.lib(Transformable.cpp.obj) : warning LNK4204: 'D:\C++\Projekty\Visual Studio 2013\ShutdownTimeVS\Debug\vc120.pdb' is missing debugging information for referencing module; linking object as if no debug info
     1>sfml-graphics-s-d.lib(View.cpp.obj) : warning LNK4204: 'D:\C++\Projekty\Visual Studio 2013\ShutdownTimeVS\Debug\vc120.pdb' is missing debugging information for referencing module; linking object as if no debug info
     1>sfml-graphics-s-d.lib(Vertex.cpp.obj) : warning LNK4204: 'D:\C++\Projekty\Visual Studio 2013\ShutdownTimeVS\Debug\vc120.pdb' is missing debugging information for referencing module; linking object as if no debug info
     1>sfml-graphics-s-d.lib(Shape.cpp.obj) : warning LNK4204: 'D:\C++\Projekty\Visual Studio 2013\ShutdownTimeVS\Debug\vc120.pdb' is missing debugging information for referencing module; linking object as if no debug info
     1>sfml-graphics-s-d.lib(RectangleShape.cpp.obj) : warning LNK4204: 'D:\C++\Projekty\Visual Studio 2013\ShutdownTimeVS\Debug\vc120.pdb' is missing debugging information for referencing module; linking object as if no debug info
     1>sfml-graphics-s-d.lib(Text.cpp.obj) : warning LNK4204: 'D:\C++\Projekty\Visual Studio 2013\ShutdownTimeVS\Debug\vc120.pdb' is missing debugging information for referencing module; linking object as if no debug info
     1>sfml-graphics-s-d.lib(VertexArray.cpp.obj) : warning LNK4204: 'D:\C++\Projekty\Visual Studio 2013\ShutdownTimeVS\Debug\vc120.pdb' is missing debugging information for referencing module; linking object as if no debug info
     1>sfml-window-s-d.lib(Context.cpp.obj) : warning LNK4204: 'D:\C++\Projekty\Visual Studio 2013\ShutdownTimeVS\Debug\vc120.pdb' is missing debugging information for referencing module; linking object as if no debug info
     1>sfml-window-s-d.lib(GlContext.cpp.obj) : warning LNK4204: 'D:\C++\Projekty\Visual Studio 2013\ShutdownTimeVS\Debug\vc120.pdb' is missing debugging information for referencing module; linking object as if no debug info
     1>sfml-window-s-d.lib(GlResource.cpp.obj) : warning LNK4204: 'D:\C++\Projekty\Visual Studio 2013\ShutdownTimeVS\Debug\vc120.pdb' is missing debugging information for referencing module; linking object as if no debug info
     1>sfml-window-s-d.lib(Joystick.cpp.obj) : warning LNK4204: 'D:\C++\Projekty\Visual Studio 2013\ShutdownTimeVS\Debug\vc120.pdb' is missing debugging information for referencing module; linking object as if no debug info
     1>sfml-window-s-d.lib(JoystickManager.cpp.obj) : warning LNK4204: 'D:\C++\Projekty\Visual Studio 2013\ShutdownTimeVS\Debug\vc120.pdb' is missing debugging information for referencing module; linking object as if no debug info
     1>sfml-window-s-d.lib(SensorManager.cpp.obj) : warning LNK4204: 'D:\C++\Projekty\Visual Studio 2013\ShutdownTimeVS\Debug\vc120.pdb' is missing debugging information for referencing module; linking object as if no debug info
     1>sfml-window-s-d.lib(VideoMode.cpp.obj) : warning LNK4204: 'D:\C++\Projekty\Visual Studio 2013\ShutdownTimeVS\Debug\vc120.pdb' is missing debugging information for referencing module; linking object as if no debug info
     1>sfml-window-s-d.lib(Window.cpp.obj) : warning LNK4204: 'D:\C++\Projekty\Visual Studio 2013\ShutdownTimeVS\Debug\vc120.pdb' is missing debugging information for referencing module; linking object as if no debug info
     1>sfml-window-s-d.lib(WindowImpl.cpp.obj) : warning LNK4204: 'D:\C++\Projekty\Visual Studio 2013\ShutdownTimeVS\Debug\vc120.pdb' is missing debugging information for referencing module; linking object as if no debug info
     1>sfml-window-s-d.lib(WglContext.cpp.obj) : warning LNK4204: 'D:\C++\Projekty\Visual Studio 2013\ShutdownTimeVS\Debug\vc120.pdb' is missing debugging information for referencing module; linking object as if no debug info
     1>sfml-window-s-d.lib(JoystickImpl.cpp.obj) : warning LNK4204: 'D:\C++\Projekty\Visual Studio 2013\ShutdownTimeVS\Debug\vc120.pdb' is missing debugging information for referencing module; linking object as if no debug info
     1>sfml-window-s-d.lib(SensorImpl.cpp.obj) : warning LNK4204: 'D:\C++\Projekty\Visual Studio 2013\ShutdownTimeVS\Debug\vc120.pdb' is missing debugging information for referencing module; linking object as if no debug info
     1>sfml-window-s-d.lib(VideoModeImpl.cpp.obj) : warning LNK4204: 'D:\C++\Projekty\Visual Studio 2013\ShutdownTimeVS\Debug\vc120.pdb' is missing debugging information for referencing module; linking object as if no debug info
     1>sfml-window-s-d.lib(WindowImplWin32.cpp.obj) : warning LNK4204: 'D:\C++\Projekty\Visual Studio 2013\ShutdownTimeVS\Debug\vc120.pdb' is missing debugging information for referencing module; linking object as if no debug info
     1>sfml-system-s-d.lib(Clock.cpp.obj) : warning LNK4204: 'D:\C++\Projekty\Visual Studio 2013\ShutdownTimeVS\Debug\vc120.pdb' is missing debugging information for referencing module; linking object as if no debug info
     1>sfml-system-s-d.lib(Err.cpp.obj) : warning LNK4204: 'D:\C++\Projekty\Visual Studio 2013\ShutdownTimeVS\Debug\vc120.pdb' is missing debugging information for referencing module; linking object as if no debug info
     1>sfml-system-s-d.lib(Lock.cpp.obj) : warning LNK4204: 'D:\C++\Projekty\Visual Studio 2013\ShutdownTimeVS\Debug\vc120.pdb' is missing debugging information for referencing module; linking object as if no debug info
     1>sfml-system-s-d.lib(Mutex.cpp.obj) : warning LNK4204: 'D:\C++\Projekty\Visual Studio 2013\ShutdownTimeVS\Debug\vc120.pdb' is missing debugging information for referencing module; linking object as if no debug info
     1>sfml-system-s-d.lib(Sleep.cpp.obj) : warning LNK4204: 'D:\C++\Projekty\Visual Studio 2013\ShutdownTimeVS\Debug\vc120.pdb' is missing debugging information for referencing module; linking object as if no debug info
     1>sfml-system-s-d.lib(String.cpp.obj) : warning LNK4204: 'D:\C++\Projekty\Visual Studio 2013\ShutdownTimeVS\Debug\vc120.pdb' is missing debugging information for referencing module; linking object as if no debug info
     1>sfml-system-s-d.lib(ThreadLocal.cpp.obj) : warning LNK4204: 'D:\C++\Projekty\Visual Studio 2013\ShutdownTimeVS\Debug\vc120.pdb' is missing debugging information for referencing module; linking object as if no debug info
     1>sfml-system-s-d.lib(Time.cpp.obj) : warning LNK4204: 'D:\C++\Projekty\Visual Studio 2013\ShutdownTimeVS\Debug\vc120.pdb' is missing debugging information for referencing module; linking object as if no debug info
     1>sfml-system-s-d.lib(ClockImpl.cpp.obj) : warning LNK4204: 'D:\C++\Projekty\Visual Studio 2013\ShutdownTimeVS\Debug\vc120.pdb' is missing debugging information for referencing module; linking object as if no debug info
     1>sfml-system-s-d.lib(MutexImpl.cpp.obj) : warning LNK4204: 'D:\C++\Projekty\Visual Studio 2013\ShutdownTimeVS\Debug\vc120.pdb' is missing debugging information for referencing module; linking object as if no debug info
     1>sfml-system-s-d.lib(SleepImpl.cpp.obj) : warning LNK4204: 'D:\C++\Projekty\Visual Studio 2013\ShutdownTimeVS\Debug\vc120.pdb' is missing debugging information for referencing module; linking object as if no debug info
     1>sfml-system-s-d.lib(ThreadLocalImpl.cpp.obj) : warning LNK4204: 'D:\C++\Projekty\Visual Studio 2013\ShutdownTimeVS\Debug\vc120.pdb' is missing debugging information for referencing module; linking object as if no debug info
         ShutdownTimeVS.vcxproj -> D:\C++\Projekty\Visual Studio 2013\ShutdownTimeVS\Debug\ShutdownTimeVS.exe
     1>Done Building Project "D:\C++\Projekty\Visual Studio 2013\ShutdownTimeVS\ShutdownTimeVS.vcxproj" (Build target(s)).

Build succeeded.

Time Elapsed 00:00:02.12
